[debug] [2025-10-08T10:59:35.366Z] : 
[debug] [2025-10-08T10:59:35.370Z] : ----------------------------------------------------------------------
[debug] [2025-10-08T10:59:35.371Z] : Command:      C:\Program Files\nodejs\node.exe C:\Users\hp\AppData\Roaming\npm\node_modules\zcatalyst-cli\lib\bin\catalyst.js serve
[debug] [2025-10-08T10:59:35.372Z] : CLI Version:  1.20.1
[debug] [2025-10-08T10:59:35.372Z] : Platform:     win32
[debug] [2025-10-08T10:59:35.372Z] : Node Version: v22.14.0
[debug] [2025-10-08T10:59:35.372Z] : Time:         Wed Oct 08 2025 16:29:35 GMT+0530 (India Standard Time)
[debug] [2025-10-08T10:59:35.373Z] : ----------------------------------------------------------------------
[debug] [2025-10-08T10:59:35.373Z] : 
[debug] [2025-10-08T10:59:36.714Z] : > authorizing via signed-in user option
[debug] [2025-10-08T10:59:36.715Z] : > command requires scopes: ["ZohoCatalyst.projects.ALL","ZohoCatalyst.apigateway.apis.READ","ZohoCatalyst.apigateway.READ","ZohoCatalyst.segments.ALL","ZohoCatalyst.cache.READ","ZohoCatalyst.cache.CREATE","ZohoCatalyst.cache.DELETE","ZohoCatalyst.projects.ALL","ZohoCatalyst.cron.ALL","ZohoCatalyst.zcql.CREATE","ZohoCatalyst.projects.users.READ","ZohoCatalyst.projects.users.CREATE","ZohoCatalyst.projects.users.DELETE","ZohoCatalyst.projects.users.UPDATE","ZohoCatalyst.authentication.CREATE","ZohoCatalyst.email.CREATE","ZohoCatalyst.tables.ALL","ZohoCatalyst.tables.rows.ALL","ZohoCatalyst.tables.columns.ALL","ZohoCatalyst.tables.bulk.CREATE","ZohoCatalyst.tables.bulk.READ","ZohoCatalyst.folders.ALL","ZohoCatalyst.files.CREATE","ZohoCatalyst.files.READ","ZohoCatalyst.files.DELETE","ZohoCatalyst.functions.ALL","ZohoCatalyst.functions.EXECUTE","ZohoCatalyst.eventlistners.ALL","ZohoCatalyst.eventlisteners.produce","ZohoCatalyst.security.rules.Read","ZohoCatalyst.security.rules.Update","ZohoCatalyst.notifications.mobile","ZohoCatalyst.notifications.web","ZohoCatalyst.search.READ","ZohoCatalyst.mlkit.READ","QuickML.deployment.READ","ZohoCatalyst.pdfshot.execute","ZohoCatalyst.dataverse.execute","ZohoCatalyst.circuits.execution.DELETE","ZohoCatalyst.circuits.execution.READ","ZohoCatalyst.circuits.execute","ZohoCatalyst.appsail.Read","ZohoCatalyst.jobpool.READ","ZohoCatalyst.job.ALL","ZohoCatalyst.nosql.READ","ZohoCatalyst.nosql.rows.ALL"]
[debug] [2025-10-08T10:59:36.749Z] : > refreshing access token <
[debug] [2025-10-08T10:59:36.752Z] : >>>> HTTP REQUEST : POST https://accounts.zoho.com/oauth/v2/token 
<request body omitted>

[debug] [2025-10-08T10:59:38.023Z] : <<<< HTTP RESPONSE : 200
Response Headers: {"server":"ZGS","date":"Wed, 08 Oct 2025 10:59:37 GMT","content-type":"application/json;charset=UTF-8","content-length":"2393","connection":"keep-alive","cache-control":"no-store","x-content-type-options":"nosniff","pragma":"no-cache","x-frame-options":"SAMEORIGIN","vary":"accept-encoding","content-language":"en-US","strict-transport-security":"max-age=64072000; includeSubDomains; preload"}

[debug] [2025-10-08T10:59:38.046Z] : >>>> HTTP REQUEST : GET https://api.catalyst.zoho.com/baas/v1/project/35003000000070077 

[debug] [2025-10-08T10:59:38.926Z] : <<<< HTTP RESPONSE : 200
Response Headers: {"server":"ZGS","date":"Wed, 08 Oct 2025 10:59:38 GMT","content-type":"application/vnd.catalyst.v2+json","transfer-encoding":"chunked","connection":"keep-alive","x-content-type-options":"nosniff","cache-control":"private,no-cache,no-store,max-age=0,must-revalidate","pragma":"no-cache","expires":"Thu, 01 Jan 1970 00:00:00 GMT","x-frame-options":"DENY","strict-transport-security":"max-age=64072000; includeSubDomains; preload"}

[debug] [2025-10-08T10:59:38.930Z] : >>>> HTTP REQUEST : GET https://api.catalyst.zoho.com/baas/v1/project/35003000000070077/environment 

[debug] [2025-10-08T10:59:39.223Z] : <<<< HTTP RESPONSE : 200
Response Headers: {"server":"ZGS","date":"Wed, 08 Oct 2025 10:59:38 GMT","content-type":"application/vnd.catalyst.v2+json","transfer-encoding":"chunked","connection":"keep-alive","x-content-type-options":"nosniff","cache-control":"private,no-cache,no-store,max-age=0,must-revalidate","pragma":"no-cache","expires":"Thu, 01 Jan 1970 00:00:00 GMT","x-frame-options":"DENY","strict-transport-security":"max-age=64072000; includeSubDomains; preload"}

[debug] [2025-10-08T10:59:40.334Z] : http port : '3000' is not available. Hence port '3001' will be used instead.
[debug] [2025-10-08T10:59:40.345Z] : No basic functions to add
[info] [2025-10-08T10:59:40.619Z] : 
[info] [2025-10-08T10:59:40.619Z] :  >>>>>>>>>>>>>> AppSail <<<<<<<<<<<<<< 
[info] [2025-10-08T10:59:40.620Z] : i appsailmockdata: http://localhost:3001
[info] [2025-10-08T10:59:40.620Z] : 
[debug] [2025-10-08T11:01:42.816Z] : >>>> HTTP REQUEST : GET https://projectappsail-887745869.development.catalystserverless.com/baas/v1/project/35003000000070077/project-user/current 

[debug] [2025-10-08T11:01:43.640Z] : <<<< HTTP RESPONSE : 401
Response Headers: {"server":"ZGS","date":"Wed, 08 Oct 2025 11:01:42 GMT","content-type":"application/json;charset=ISO-8859-1","content-length":"91","connection":"keep-alive","x-content-type-options":"nosniff","cache-control":"private,no-cache,no-store,max-age=0,must-revalidate","pragma":"no-cache","expires":"Thu, 01 Jan 1970 00:00:00 GMT","x-frame-options":"DENY","strict-transport-security":"max-age=64072000; includeSubDomains; preload"}

[debug] [2025-10-08T11:01:43.640Z] : Response Body : {"status":"failure","data":{"error_code":"INVALID_TOKEN","message":"invalid oauth token"}}

[debug] [2025-10-08T11:04:33.759Z] : >>>> HTTP REQUEST : GET https://projectappsail-887745869.development.catalystserverless.com/baas/v1/project/35003000000070077/project-user/current 

[debug] [2025-10-08T11:04:34.568Z] : <<<< HTTP RESPONSE : 401
Response Headers: {"server":"ZGS","date":"Wed, 08 Oct 2025 11:04:33 GMT","content-type":"application/json;charset=ISO-8859-1","content-length":"91","connection":"keep-alive","x-content-type-options":"nosniff","cache-control":"private,no-cache,no-store,max-age=0,must-revalidate","pragma":"no-cache","expires":"Thu, 01 Jan 1970 00:00:00 GMT","x-frame-options":"DENY","strict-transport-security":"max-age=64072000; includeSubDomains; preload"}

[debug] [2025-10-08T11:04:34.569Z] : Response Body : {"status":"failure","data":{"error_code":"INVALID_TOKEN","message":"invalid oauth token"}}

[debug] [2025-10-08T11:05:05.823Z] : >>>> HTTP REQUEST : GET https://projectappsail-887745869.development.catalystserverless.com/baas/v1/project/35003000000070077/project-user/current 

[debug] [2025-10-08T11:05:06.635Z] : <<<< HTTP RESPONSE : 401
Response Headers: {"server":"ZGS","date":"Wed, 08 Oct 2025 11:05:05 GMT","content-type":"application/json;charset=ISO-8859-1","content-length":"91","connection":"keep-alive","x-content-type-options":"nosniff","cache-control":"private,no-cache,no-store,max-age=0,must-revalidate","pragma":"no-cache","expires":"Thu, 01 Jan 1970 00:00:00 GMT","x-frame-options":"DENY","strict-transport-security":"max-age=64072000; includeSubDomains; preload"}

[debug] [2025-10-08T11:05:06.635Z] : Response Body : {"status":"failure","data":{"error_code":"INVALID_TOKEN","message":"invalid oauth token"}}

[debug] [2025-10-08T11:06:19.376Z] : >>>> HTTP REQUEST : GET https://projectappsail-887745869.development.catalystserverless.com/baas/v1/project/35003000000070077/project-user/current 

[debug] [2025-10-08T11:06:20.192Z] : <<<< HTTP RESPONSE : 401
Response Headers: {"server":"ZGS","date":"Wed, 08 Oct 2025 11:06:19 GMT","content-type":"application/json;charset=ISO-8859-1","content-length":"91","connection":"keep-alive","x-content-type-options":"nosniff","cache-control":"private,no-cache,no-store,max-age=0,must-revalidate","pragma":"no-cache","expires":"Thu, 01 Jan 1970 00:00:00 GMT","x-frame-options":"DENY","strict-transport-security":"max-age=64072000; includeSubDomains; preload"}

[debug] [2025-10-08T11:06:20.193Z] : Response Body : {"status":"failure","data":{"error_code":"INVALID_TOKEN","message":"invalid oauth token"}}

[debug] [2025-10-08T11:08:15.490Z] : Connection reset from target URL :  Url {
  protocol: 'http:',
  slashes: true,
  auth: null,
  host: '127.0.0.1:4600',
  port: '4600',
  hostname: '127.0.0.1',
  hash: null,
  search: null,
  query: null,
  pathname: '/',
  path: '/',
  href: 'http://127.0.0.1:4600/'
}
[debug] [2025-10-08T11:08:24.089Z] : >>>> HTTP REQUEST : GET https://projectappsail-887745869.development.catalystserverless.com/baas/v1/project/35003000000070077/project-user/current 

[debug] [2025-10-08T11:08:24.864Z] : <<<< HTTP RESPONSE : 401
Response Headers: {"server":"ZGS","date":"Wed, 08 Oct 2025 11:08:24 GMT","content-type":"application/json;charset=ISO-8859-1","content-length":"91","connection":"keep-alive","x-content-type-options":"nosniff","cache-control":"private,no-cache,no-store,max-age=0,must-revalidate","pragma":"no-cache","expires":"Thu, 01 Jan 1970 00:00:00 GMT","x-frame-options":"DENY","strict-transport-security":"max-age=64072000; includeSubDomains; preload"}

[debug] [2025-10-08T11:08:24.864Z] : Response Body : {"status":"failure","data":{"error_code":"INVALID_TOKEN","message":"invalid oauth token"}}

[debug] [2025-10-08T11:08:33.392Z] : >>>> HTTP REQUEST : GET https://projectappsail-887745869.development.catalystserverless.com/baas/v1/project/35003000000070077/project-user/current 

[debug] [2025-10-08T11:08:34.211Z] : <<<< HTTP RESPONSE : 401
Response Headers: {"server":"ZGS","date":"Wed, 08 Oct 2025 11:08:33 GMT","content-type":"application/json;charset=ISO-8859-1","content-length":"91","connection":"keep-alive","x-content-type-options":"nosniff","cache-control":"private,no-cache,no-store,max-age=0,must-revalidate","pragma":"no-cache","expires":"Thu, 01 Jan 1970 00:00:00 GMT","x-frame-options":"DENY","strict-transport-security":"max-age=64072000; includeSubDomains; preload"}

[debug] [2025-10-08T11:08:34.213Z] : Response Body : {"status":"failure","data":{"error_code":"INVALID_TOKEN","message":"invalid oauth token"}}

[debug] [2025-10-08T11:18:11.999Z] : >>>> HTTP REQUEST : GET https://projectappsail-887745869.development.catalystserverless.com/baas/v1/project/35003000000070077/project-user/current 

[debug] [2025-10-08T11:18:12.818Z] : <<<< HTTP RESPONSE : 401
Response Headers: {"server":"ZGS","date":"Wed, 08 Oct 2025 11:18:12 GMT","content-type":"application/json;charset=ISO-8859-1","content-length":"91","connection":"keep-alive","x-content-type-options":"nosniff","cache-control":"private,no-cache,no-store,max-age=0,must-revalidate","pragma":"no-cache","expires":"Thu, 01 Jan 1970 00:00:00 GMT","x-frame-options":"DENY","strict-transport-security":"max-age=64072000; includeSubDomains; preload"}

[debug] [2025-10-08T11:18:12.819Z] : Response Body : {"status":"failure","data":{"error_code":"INVALID_TOKEN","message":"invalid oauth token"}}

[debug] [2025-10-08T11:18:21.293Z] : >>>> HTTP REQUEST : GET https://projectappsail-887745869.development.catalystserverless.com/baas/v1/project/35003000000070077/project-user/current 

[debug] [2025-10-08T11:18:22.085Z] : <<<< HTTP RESPONSE : 401
Response Headers: {"server":"ZGS","date":"Wed, 08 Oct 2025 11:18:21 GMT","content-type":"application/json;charset=ISO-8859-1","content-length":"91","connection":"keep-alive","x-content-type-options":"nosniff","cache-control":"private,no-cache,no-store,max-age=0,must-revalidate","pragma":"no-cache","expires":"Thu, 01 Jan 1970 00:00:00 GMT","x-frame-options":"DENY","strict-transport-security":"max-age=64072000; includeSubDomains; preload"}

[debug] [2025-10-08T11:18:22.086Z] : Response Body : {"status":"failure","data":{"error_code":"INVALID_TOKEN","message":"invalid oauth token"}}

[info] [2025-10-08T13:07:35.225Z] : Shutting down server
[info] [2025-10-08T13:07:35.242Z] : 
[info] [2025-10-08T13:07:35.245Z] : √ Shutdown complete
[error] [2025-10-08T13:07:35.255Z] : × HTTP Error: 401, invalid oauth token
[debug] [2025-10-08T13:07:35.256Z] : Error Stack: CatalystError: HTTP Error: 401, invalid oauth token
    at exports.default (C:\Users\hp\AppData\Roaming\npm\node_modules\zcatalyst-cli\lib\errorResponse.js:25:12)
    at API._parseResponse (C:\Users\hp\AppData\Roaming\npm\node_modules\zcatalyst-cli\lib\internal\api.js:163:76)
    at API.<anonymous> (C:\Users\hp\AppData\Roaming\npm\node_modules\zcatalyst-cli\lib\internal\api.js:242:38)
    at Generator.next (<anonymous>)
    at C:\Users\hp\AppData\Roaming\npm\node_modules\zcatalyst-cli\lib\internal\api.js:31:71
    at new Promise (<anonymous>)
    at __awaiter (C:\Users\hp\AppData\Roaming\npm\node_modules\zcatalyst-cli\lib\internal\api.js:27:12)
    at Request.<anonymous> (C:\Users\hp\AppData\Roaming\npm\node_modules\zcatalyst-cli\lib\internal\api.js:240:53)
    at Request.emit (node:events:530:35)
    at Request.<anonymous> (C:\Users\hp\AppData\Roaming\npm\node_modules\zcatalyst-cli\node_modules\request\request.js:1154:10)
[debug] [2025-10-08T13:07:35.259Z] : Error Context: {
  "body": {
    "status": "failure",
    "data": {
      "error_code": "INVALID_TOKEN",
      "message": "invalid oauth token"
    }
  },
  "response": {
    "statusCode": 401,
    "body": {
      "status": "failure",
      "data": {
        "error_code": "INVALID_TOKEN",
        "message": "invalid oauth token"
      }
    },
    "headers": {
      "server": "ZGS",
      "date": "Wed, 08 Oct 2025 11:01:42 GMT",
      "content-type": "application/json;charset=ISO-8859-1",
      "content-length": "91",
      "connection": "keep-alive",
      "set-cookie": [
        "zalb_46512fd555=b14009a6059feb83ee8aa1c715a015c5; Path=/; Secure; HttpOnly",
        "ZD_CSRF_TOKEN=a0dacf8f-4a8e-4542-a4cb-ac2aa1f6c0c2;path=/;SameSite=None;Secure;priority=high",
        "_zcsr_tmp=a0dacf8f-4a8e-4542-a4cb-ac2aa1f6c0c2;path=/;SameSite=Strict;Secure;priority=high",
        "JSESSIONID=D6FDCFAF44C9C4EFBB853C27A3B3F4C0; Path=/; Secure; HttpOnly"
      ],
      "x-content-type-options": "nosniff",
      "cache-control": "private,no-cache,no-store,max-age=0,must-revalidate",
      "pragma": "no-cache",
      "expires": "Thu, 01 Jan 1970 00:00:00 GMT",
      "x-frame-options": "DENY",
      "strict-transport-security": "max-age=64072000; includeSubDomains; preload"
    },
    "request": {
      "uri": {
        "protocol": "https:",
        "slashes": true,
        "auth": null,
        "host": "projectappsail-887745869.development.catalystserverless.com",
        "port": 443,
        "hostname": "projectappsail-887745869.development.catalystserverless.com",
        "hash": null,
        "search": null,
        "query": null,
        "pathname": "/baas/v1/project/35003000000070077/project-user/current",
        "path": "/baas/v1/project/35003000000070077/project-user/current",
        "href": "https://projectappsail-887745869.development.catalystserverless.com/baas/v1/project/35003000000070077/project-user/current"
      },
      "method": "GET"
    }
  }
}
[debug] [2025-10-08T13:07:35.259Z] : Error Status: 401
[error] [2025-10-08T13:07:35.260Z] : × HTTP Error: 401, invalid oauth token
[debug] [2025-10-08T13:07:35.261Z] : Error Stack: CatalystError: HTTP Error: 401, invalid oauth token
    at exports.default (C:\Users\hp\AppData\Roaming\npm\node_modules\zcatalyst-cli\lib\errorResponse.js:25:12)
    at API._parseResponse (C:\Users\hp\AppData\Roaming\npm\node_modules\zcatalyst-cli\lib\internal\api.js:163:76)
    at API.<anonymous> (C:\Users\hp\AppData\Roaming\npm\node_modules\zcatalyst-cli\lib\internal\api.js:242:38)
    at Generator.next (<anonymous>)
    at C:\Users\hp\AppData\Roaming\npm\node_modules\zcatalyst-cli\lib\internal\api.js:31:71
    at new Promise (<anonymous>)
    at __awaiter (C:\Users\hp\AppData\Roaming\npm\node_modules\zcatalyst-cli\lib\internal\api.js:27:12)
    at Request.<anonymous> (C:\Users\hp\AppData\Roaming\npm\node_modules\zcatalyst-cli\lib\internal\api.js:240:53)
    at Request.emit (node:events:530:35)
    at Request.<anonymous> (C:\Users\hp\AppData\Roaming\npm\node_modules\zcatalyst-cli\node_modules\request\request.js:1154:10)
[debug] [2025-10-08T13:07:35.261Z] : Error Context: {
  "body": {
    "status": "failure",
    "data": {
      "error_code": "INVALID_TOKEN",
      "message": "invalid oauth token"
    }
  },
  "response": {
    "statusCode": 401,
    "body": {
      "status": "failure",
      "data": {
        "error_code": "INVALID_TOKEN",
        "message": "invalid oauth token"
      }
    },
    "headers": {
      "server": "ZGS",
      "date": "Wed, 08 Oct 2025 11:05:05 GMT",
      "content-type": "application/json;charset=ISO-8859-1",
      "content-length": "91",
      "connection": "keep-alive",
      "set-cookie": [
        "zalb_46512fd555=4ead9897700827f973c0f7dbded7f673; Path=/; Secure; HttpOnly",
        "ZD_CSRF_TOKEN=d152d7ab-c88b-4b36-88a1-bac054b7e1e1;path=/;SameSite=None;Secure;priority=high",
        "_zcsr_tmp=d152d7ab-c88b-4b36-88a1-bac054b7e1e1;path=/;SameSite=Strict;Secure;priority=high",
        "JSESSIONID=6ED5EAC31E0D6683E410ED30F931423B; Path=/; Secure; HttpOnly"
      ],
      "x-content-type-options": "nosniff",
      "cache-control": "private,no-cache,no-store,max-age=0,must-revalidate",
      "pragma": "no-cache",
      "expires": "Thu, 01 Jan 1970 00:00:00 GMT",
      "x-frame-options": "DENY",
      "strict-transport-security": "max-age=64072000; includeSubDomains; preload"
    },
    "request": {
      "uri": {
        "protocol": "https:",
        "slashes": true,
        "auth": null,
        "host": "projectappsail-887745869.development.catalystserverless.com",
        "port": 443,
        "hostname": "projectappsail-887745869.development.catalystserverless.com",
        "hash": null,
        "search": null,
        "query": null,
        "pathname": "/baas/v1/project/35003000000070077/project-user/current",
        "path": "/baas/v1/project/35003000000070077/project-user/current",
        "href": "https://projectappsail-887745869.development.catalystserverless.com/baas/v1/project/35003000000070077/project-user/current"
      },
      "method": "GET"
    }
  }
}
[debug] [2025-10-08T13:07:35.261Z] : Error Status: 401
[error] [2025-10-08T13:07:35.262Z] : × HTTP Error: 401, invalid oauth token
[debug] [2025-10-08T13:07:35.262Z] : Error Stack: CatalystError: HTTP Error: 401, invalid oauth token
    at exports.default (C:\Users\hp\AppData\Roaming\npm\node_modules\zcatalyst-cli\lib\errorResponse.js:25:12)
    at API._parseResponse (C:\Users\hp\AppData\Roaming\npm\node_modules\zcatalyst-cli\lib\internal\api.js:163:76)
    at API.<anonymous> (C:\Users\hp\AppData\Roaming\npm\node_modules\zcatalyst-cli\lib\internal\api.js:242:38)
    at Generator.next (<anonymous>)
    at C:\Users\hp\AppData\Roaming\npm\node_modules\zcatalyst-cli\lib\internal\api.js:31:71
    at new Promise (<anonymous>)
    at __awaiter (C:\Users\hp\AppData\Roaming\npm\node_modules\zcatalyst-cli\lib\internal\api.js:27:12)
    at Request.<anonymous> (C:\Users\hp\AppData\Roaming\npm\node_modules\zcatalyst-cli\lib\internal\api.js:240:53)
    at Request.emit (node:events:530:35)
    at Request.<anonymous> (C:\Users\hp\AppData\Roaming\npm\node_modules\zcatalyst-cli\node_modules\request\request.js:1154:10)
[debug] [2025-10-08T13:07:35.263Z] : Error Context: {
  "body": {
    "status": "failure",
    "data": {
      "error_code": "INVALID_TOKEN",
      "message": "invalid oauth token"
    }
  },
  "response": {
    "statusCode": 401,
    "body": {
      "status": "failure",
      "data": {
        "error_code": "INVALID_TOKEN",
        "message": "invalid oauth token"
      }
    },
    "headers": {
      "server": "ZGS",
      "date": "Wed, 08 Oct 2025 11:08:24 GMT",
      "content-type": "application/json;charset=ISO-8859-1",
      "content-length": "91",
      "connection": "keep-alive",
      "set-cookie": [
        "zalb_46512fd555=4ead9897700827f973c0f7dbded7f673; Path=/; Secure; HttpOnly",
        "ZD_CSRF_TOKEN=94633ba2-9cff-4b79-983d-5c5e7cc901b0;path=/;SameSite=None;Secure;priority=high",
        "_zcsr_tmp=94633ba2-9cff-4b79-983d-5c5e7cc901b0;path=/;SameSite=Strict;Secure;priority=high",
        "JSESSIONID=E71477A347536E3F6A8E7ACEDBC6DC54; Path=/; Secure; HttpOnly"
      ],
      "x-content-type-options": "nosniff",
      "cache-control": "private,no-cache,no-store,max-age=0,must-revalidate",
      "pragma": "no-cache",
      "expires": "Thu, 01 Jan 1970 00:00:00 GMT",
      "x-frame-options": "DENY",
      "strict-transport-security": "max-age=64072000; includeSubDomains; preload"
    },
    "request": {
      "uri": {
        "protocol": "https:",
        "slashes": true,
        "auth": null,
        "host": "projectappsail-887745869.development.catalystserverless.com",
        "port": 443,
        "hostname": "projectappsail-887745869.development.catalystserverless.com",
        "hash": null,
        "search": null,
        "query": null,
        "pathname": "/baas/v1/project/35003000000070077/project-user/current",
        "path": "/baas/v1/project/35003000000070077/project-user/current",
        "href": "https://projectappsail-887745869.development.catalystserverless.com/baas/v1/project/35003000000070077/project-user/current"
      },
      "method": "GET"
    }
  }
}
[debug] [2025-10-08T13:07:35.263Z] : Error Status: 401
[error] [2025-10-08T13:07:35.264Z] : × HTTP Error: 401, invalid oauth token
[debug] [2025-10-08T13:07:35.264Z] : Error Stack: CatalystError: HTTP Error: 401, invalid oauth token
    at exports.default (C:\Users\hp\AppData\Roaming\npm\node_modules\zcatalyst-cli\lib\errorResponse.js:25:12)
    at API._parseResponse (C:\Users\hp\AppData\Roaming\npm\node_modules\zcatalyst-cli\lib\internal\api.js:163:76)
    at API.<anonymous> (C:\Users\hp\AppData\Roaming\npm\node_modules\zcatalyst-cli\lib\internal\api.js:242:38)
    at Generator.next (<anonymous>)
    at C:\Users\hp\AppData\Roaming\npm\node_modules\zcatalyst-cli\lib\internal\api.js:31:71
    at new Promise (<anonymous>)
    at __awaiter (C:\Users\hp\AppData\Roaming\npm\node_modules\zcatalyst-cli\lib\internal\api.js:27:12)
    at Request.<anonymous> (C:\Users\hp\AppData\Roaming\npm\node_modules\zcatalyst-cli\lib\internal\api.js:240:53)
    at Request.emit (node:events:530:35)
    at Request.<anonymous> (C:\Users\hp\AppData\Roaming\npm\node_modules\zcatalyst-cli\node_modules\request\request.js:1154:10)
[debug] [2025-10-08T13:07:35.264Z] : Error Context: {
  "body": {
    "status": "failure",
    "data": {
      "error_code": "INVALID_TOKEN",
      "message": "invalid oauth token"
    }
  },
  "response": {
    "statusCode": 401,
    "body": {
      "status": "failure",
      "data": {
        "error_code": "INVALID_TOKEN",
        "message": "invalid oauth token"
      }
    },
    "headers": {
      "server": "ZGS",
      "date": "Wed, 08 Oct 2025 11:18:12 GMT",
      "content-type": "application/json;charset=ISO-8859-1",
      "content-length": "91",
      "connection": "keep-alive",
      "set-cookie": [
        "zalb_46512fd555=4ead9897700827f973c0f7dbded7f673; Path=/; Secure; HttpOnly",
        "ZD_CSRF_TOKEN=3811ff11-b468-4c04-bcfd-b423d6c7be81;path=/;SameSite=None;Secure;priority=high",
        "_zcsr_tmp=3811ff11-b468-4c04-bcfd-b423d6c7be81;path=/;SameSite=Strict;Secure;priority=high",
        "JSESSIONID=BB85D3844CA472158635584EE5DF75B4; Path=/; Secure; HttpOnly"
      ],
      "x-content-type-options": "nosniff",
      "cache-control": "private,no-cache,no-store,max-age=0,must-revalidate",
      "pragma": "no-cache",
      "expires": "Thu, 01 Jan 1970 00:00:00 GMT",
      "x-frame-options": "DENY",
      "strict-transport-security": "max-age=64072000; includeSubDomains; preload"
    },
    "request": {
      "uri": {
        "protocol": "https:",
        "slashes": true,
        "auth": null,
        "host": "projectappsail-887745869.development.catalystserverless.com",
        "port": 443,
        "hostname": "projectappsail-887745869.development.catalystserverless.com",
        "hash": null,
        "search": null,
        "query": null,
        "pathname": "/baas/v1/project/35003000000070077/project-user/current",
        "path": "/baas/v1/project/35003000000070077/project-user/current",
        "href": "https://projectappsail-887745869.development.catalystserverless.com/baas/v1/project/35003000000070077/project-user/current"
      },
      "method": "GET"
    }
  }
}
[debug] [2025-10-08T13:07:35.264Z] : Error Status: 401
[debug] [2025-10-08T13:07:35.266Z] : EXEC ENDED with event: serve, message: success
[debug] [2025-10-08T13:07:35.266Z] : TOTAL DURATION OF COMMAND EXEC : 7678578
[debug] [2025-10-08T13:07:35.317Z] : > refreshing access token <
[debug] [2025-10-08T13:07:35.319Z] : >>>> HTTP REQUEST : POST https://accounts.zoho.com/oauth/v2/token 
<request body omitted>

[debug] [2025-10-08T13:07:36.296Z] : <<<< HTTP RESPONSE : 200
Response Headers: {"server":"ZGS","date":"Wed, 08 Oct 2025 13:07:35 GMT","content-type":"application/json;charset=UTF-8","content-length":"2393","connection":"keep-alive","cache-control":"no-store","x-content-type-options":"nosniff","pragma":"no-cache","x-frame-options":"SAMEORIGIN","vary":"accept-encoding","content-language":"en-US","strict-transport-security":"max-age=64072000; includeSubDomains; preload"}

[debug] [2025-10-08T13:07:36.321Z] : >>>> HTTP REQUEST : POST https://api.catalyst.zoho.com/baas/v1/cli/logs 
<request body omitted>

